This is pdfTeX, Version 3.14159265-2.6-1.40.16 (TeX Live 2015/Debian) (preloaded format=pdflatex 2019.11.5)  11 DEC 2019 22:14
entering extended mode
 restricted \write18 enabled.
 file:line:error style messages enabled.
 %&-line parsing enabled.
**mod.tex
(./mod.tex
LaTeX2e <2016/02/01>
Babel <3.9q> and hyphenation patterns for 3 language(s) loaded.
(/usr/share/texlive/texmf-dist/tex/latex/base/article.cls
Document Class: article 2014/09/29 v1.4h Standard LaTeX document class
(/usr/share/texlive/texmf-dist/tex/latex/base/size12.clo
File: size12.clo 2014/09/29 v1.4h Standard LaTeX file (size option)
)
\c@part=\count79
\c@section=\count80
\c@subsection=\count81
\c@subsubsection=\count82
\c@paragraph=\count83
\c@subparagraph=\count84
\c@figure=\count85
\c@table=\count86
\abovecaptionskip=\skip41
\belowcaptionskip=\skip42
\bibindent=\dimen102
) (/usr/share/texlive/texmf-dist/tex/generic/babel/babel.sty
Package: babel 2016/02/24 3.9q The Babel package
 (/usr/share/texlive/texmf-dist/tex/generic/babel-english/english.ldf
Language: english 2012/08/20 v3.3p English support from the babel system
 (/usr/share/texlive/texmf-dist/tex/generic/babel/babel.def
File: babel.def 2016/02/24 3.9q Babel common definitions
\babel@savecnt=\count87
\U@D=\dimen103
)
\l@british = a dialect from \language\l@english 
\l@UKenglish = a dialect from \language\l@english 
\l@canadian = a dialect from \language\l@american 
\l@australian = a dialect from \language\l@british 
\l@newzealand = a dialect from \language\l@british 
)) (/usr/share/texlive/texmf-dist/tex/latex/caption/subcaption.sty
Package: subcaption 2016/02/20 v1.1-142 Sub-captions (AR)
 (/usr/share/texlive/texmf-dist/tex/latex/caption/caption.sty
Package: caption 2016/02/21 v3.3-144 Customizing captions (AR)
 (/usr/share/texlive/texmf-dist/tex/latex/caption/caption3.sty
Package: caption3 2016/02/04 v1.7-139 caption3 kernel (AR)
Package caption3 Info: TeX engine: e-TeX on input line 67.
 (/usr/share/texlive/texmf-dist/tex/latex/graphics/keyval.sty
Package: keyval 2014/10/28 v1.15 key=value parser (DPC)
\KV@toks@=\toks14
)
\captionmargin=\dimen104
\captionmargin@=\dimen105
\captionwidth=\dimen106
\caption@tempdima=\dimen107
\caption@indent=\dimen108
\caption@parindent=\dimen109
\caption@hangindent=\dimen110
)
\c@ContinuedFloat=\count88
)
\c@subfigure=\count89
\c@subtable=\count90
) (/usr/share/texlive/texmf-dist/tex/latex/float/float.sty
Package: float 2001/11/08 v1.3d Float enhancements (AL)
\c@float@type=\count91
\float@exts=\toks15
\float@box=\box26
\@float@everytoks=\toks16
\@floatcapt=\box27
) (/usr/share/texlive/texmf-dist/tex/latex/natbib/natbib.sty
Package: natbib 2010/09/13 8.31b (PWD, AO)
\bibhang=\skip43
\bibsep=\skip44
LaTeX Info: Redefining \cite on input line 694.
\c@NAT@ctr=\count92
) (/usr/share/texlive/texmf-dist/tex/latex/url/url.sty
\Urlmuskip=\muskip10
Package: url 2013/09/16  ver 3.4  Verb mode for urls, etc.
) (/usr/share/texlive/texmf-dist/tex/latex/base/inputenc.sty
Package: inputenc 2015/03/17 v1.2c Input encoding file
\inpenc@prehook=\toks17
\inpenc@posthook=\toks18
 (/usr/share/texlive/texmf-dist/tex/latex/ucs/utf8x.def
File: utf8x.def 2004/10/17 UCS: Input encoding UTF-8
)) (/usr/share/texlive/texmf-dist/tex/latex/ucs/ucs.sty
Package: ucs 2013/05/11 v2.2 UCS: Unicode input support
 (/usr/share/texlive/texmf-dist/tex/latex/ucs/data/uni-global.def
File: uni-global.def 2013/05/13 UCS: Unicode global data
)
\uc@secondtry=\count93
\uc@combtoks=\toks19
\uc@combtoksb=\toks20
\uc@temptokena=\toks21
) (/usr/share/texlive/texmf-dist/tex/latex/amsmath/amsmath.sty
Package: amsmath 2016/03/03 v2.15a AMS math features
\@mathmargin=\skip45

For additional information on amsmath, use the `?' option.
(/usr/share/texlive/texmf-dist/tex/latex/amsmath/amstext.sty
Package: amstext 2000/06/29 v2.01 AMS text
 (/usr/share/texlive/texmf-dist/tex/latex/amsmath/amsgen.sty
File: amsgen.sty 1999/11/30 v2.0 generic functions
\@emptytoks=\toks22
\ex@=\dimen111
)) (/usr/share/texlive/texmf-dist/tex/latex/amsmath/amsbsy.sty
Package: amsbsy 1999/11/29 v1.2d Bold Symbols
\pmbraise@=\dimen112
) (/usr/share/texlive/texmf-dist/tex/latex/amsmath/amsopn.sty
Package: amsopn 1999/12/14 v2.01 operator names
)
\inf@bad=\count94
LaTeX Info: Redefining \frac on input line 199.
\uproot@=\count95
\leftroot@=\count96
LaTeX Info: Redefining \overline on input line 297.
\classnum@=\count97
\DOTSCASE@=\count98
LaTeX Info: Redefining \ldots on input line 394.
LaTeX Info: Redefining \dots on input line 397.
LaTeX Info: Redefining \cdots on input line 518.
\Mathstrutbox@=\box28
\strutbox@=\box29
\big@size=\dimen113
LaTeX Font Info:    Redeclaring font encoding OML on input line 630.
LaTeX Font Info:    Redeclaring font encoding OMS on input line 631.
\macc@depth=\count99
\c@MaxMatrixCols=\count100
\dotsspace@=\muskip11
\c@parentequation=\count101
\dspbrk@lvl=\count102
\tag@help=\toks23
\row@=\count103
\column@=\count104
\maxfields@=\count105
\andhelp@=\toks24
\eqnshift@=\dimen114
\alignsep@=\dimen115
\tagshift@=\dimen116
\tagwidth@=\dimen117
\totwidth@=\dimen118
\lineht@=\dimen119
\@envbody=\toks25
\multlinegap=\skip46
\multlinetaggap=\skip47
\mathdisplay@stack=\toks26
LaTeX Info: Redefining \[ on input line 2735.
LaTeX Info: Redefining \] on input line 2736.
) (/usr/share/texlive/texmf-dist/tex/latex/graphics/graphicx.sty
Package: graphicx 2014/10/28 v1.0g Enhanced LaTeX Graphics (DPC,SPQR)
 (/usr/share/texlive/texmf-dist/tex/latex/graphics/graphics.sty
Package: graphics 2016/01/03 v1.0q Standard LaTeX Graphics (DPC,SPQR)
 (/usr/share/texlive/texmf-dist/tex/latex/graphics/trig.sty
Package: trig 2016/01/03 v1.10 sin cos tan (DPC)
) (/usr/share/texlive/texmf-dist/tex/latex/latexconfig/graphics.cfg
File: graphics.cfg 2010/04/23 v1.9 graphics configuration of TeX Live
)
Package graphics Info: Driver file: pdftex.def on input line 95.
 (/usr/share/texlive/texmf-dist/tex/latex/pdftex-def/pdftex.def
File: pdftex.def 2011/05/27 v0.06d Graphics/color for pdfTeX
 (/usr/share/texlive/texmf-dist/tex/generic/oberdiek/infwarerr.sty
Package: infwarerr 2010/04/08 v1.3 Providing info/warning/error messages (HO)
) (/usr/share/texlive/texmf-dist/tex/generic/oberdiek/ltxcmds.sty
Package: ltxcmds 2011/11/09 v1.22 LaTeX kernel commands for general use (HO)
)
\Gread@gobject=\count106
))
\Gin@req@height=\dimen120
\Gin@req@width=\dimen121
) (/usr/share/texlive/texmf-dist/tex/latex/parskip/parskip.sty
Package: parskip 2001/04/09 non-zero parskip adjustments
) (/usr/share/texlive/texmf-dist/tex/latex/fancyhdr/fancyhdr.sty
\fancy@headwidth=\skip48
\f@ncyO@elh=\skip49
\f@ncyO@erh=\skip50
\f@ncyO@olh=\skip51
\f@ncyO@orh=\skip52
\f@ncyO@elf=\skip53
\f@ncyO@erf=\skip54
\f@ncyO@olf=\skip55
\f@ncyO@orf=\skip56
) (/usr/share/texlive/texmf-dist/tex/latex/vmargin/vmargin.sty
Package: vmargin 2004/07/15 V2.5 set document margins (VK)

Package: vmargin 2004/07/15 V2.5 set document margins (VK)
\PaperWidth=\dimen122
\PaperHeight=\dimen123
) (/usr/share/texlive/texmf-dist/tex/latex/listings/listings.sty
\lst@mode=\count107
\lst@gtempboxa=\box30
\lst@token=\toks27
\lst@length=\count108
\lst@currlwidth=\dimen124
\lst@column=\count109
\lst@pos=\count110
\lst@lostspace=\dimen125
\lst@width=\dimen126
\lst@newlines=\count111
\lst@lineno=\count112
\lst@maxwidth=\dimen127
 (/usr/share/texlive/texmf-dist/tex/latex/listings/lstmisc.sty
File: lstmisc.sty 2015/06/04 1.6 (Carsten Heinz)
\c@lstnumber=\count113
\lst@skipnumbers=\count114
\lst@framebox=\box31
) (/usr/share/texlive/texmf-dist/tex/latex/listings/listings.cfg
File: listings.cfg 2015/06/04 1.6 listings configuration
))
Package: listings 2015/06/04 1.6 (Carsten Heinz)
 (/usr/share/texlive/texmf-dist/tex/latex/graphics/color.sty
Package: color 2016/01/03 v1.1b Standard LaTeX Color (DPC)
 (/usr/share/texlive/texmf-dist/tex/latex/latexconfig/color.cfg
File: color.cfg 2007/01/18 v1.5 color configuration of teTeX/TeXLive
)
Package color Info: Driver file: pdftex.def on input line 143.
) (./mod.aux)
\openout1 = `mod.aux'.

LaTeX Font Info:    Checking defaults for OML/cmm/m/it on input line 37.
LaTeX Font Info:    ... okay on input line 37.
LaTeX Font Info:    Checking defaults for T1/cmr/m/n on input line 37.
LaTeX Font Info:    ... okay on input line 37.
LaTeX Font Info:    Checking defaults for OT1/cmr/m/n on input line 37.
LaTeX Font Info:    ... okay on input line 37.
LaTeX Font Info:    Checking defaults for OMS/cmsy/m/n on input line 37.
LaTeX Font Info:    ... okay on input line 37.
LaTeX Font Info:    Checking defaults for OMX/cmex/m/n on input line 37.
LaTeX Font Info:    ... okay on input line 37.
LaTeX Font Info:    Checking defaults for U/cmr/m/n on input line 37.
LaTeX Font Info:    ... okay on input line 37.
Package caption Info: Begin \AtBeginDocument code.
Package caption Info: float package is loaded.
Package caption Info: listings package is loaded.
Package caption Info: End \AtBeginDocument code.
 (/usr/share/texlive/texmf-dist/tex/latex/ucs/ucsencs.def
File: ucsencs.def 2011/01/21 Fixes to fontencodings LGR, T3
) (/usr/share/texlive/texmf-dist/tex/context/base/supp-pdf.mkii
[Loading MPS to PDF converter (version 2006.09.02).]
\scratchcounter=\count115
\scratchdimen=\dimen128
\scratchbox=\box32
\nofMPsegments=\count116
\nofMParguments=\count117
\everyMPshowfont=\toks28
\MPscratchCnt=\count118
\MPscratchDim=\dimen129
\MPnumerator=\count119
\makeMPintoPDFobject=\count120
\everyMPtoPDFconversion=\toks29
) (/usr/share/texlive/texmf-dist/tex/generic/oberdiek/pdftexcmds.sty
Package: pdftexcmds 2011/11/29 v0.20 Utility functions of pdfTeX for LuaTeX (HO)
 (/usr/share/texlive/texmf-dist/tex/generic/oberdiek/ifluatex.sty
Package: ifluatex 2010/03/01 v1.3 Provides the ifluatex switch (HO)
Package ifluatex Info: LuaTeX not detected.
) (/usr/share/texlive/texmf-dist/tex/generic/oberdiek/ifpdf.sty
Package: ifpdf 2011/01/30 v2.3 Provides the ifpdf switch (HO)
Package ifpdf Info: pdfTeX in PDF mode is detected.
)
Package pdftexcmds Info: LuaTeX not detected.
Package pdftexcmds Info: \pdf@primitive is available.
Package pdftexcmds Info: \pdf@ifprimitive is available.
Package pdftexcmds Info: \pdfdraftmode found.
) (/usr/share/texlive/texmf-dist/tex/latex/oberdiek/epstopdf-base.sty
Package: epstopdf-base 2010/02/09 v2.5 Base part for package epstopdf
 (/usr/share/texlive/texmf-dist/tex/latex/oberdiek/grfext.sty
Package: grfext 2010/08/19 v1.1 Manage graphics extensions (HO)
 (/usr/share/texlive/texmf-dist/tex/generic/oberdiek/kvdefinekeys.sty
Package: kvdefinekeys 2011/04/07 v1.3 Define keys (HO)
)) (/usr/share/texlive/texmf-dist/tex/latex/oberdiek/kvoptions.sty
Package: kvoptions 2011/06/30 v3.11 Key value format for package options (HO)
 (/usr/share/texlive/texmf-dist/tex/generic/oberdiek/kvsetkeys.sty
Package: kvsetkeys 2012/04/25 v1.16 Key value parser (HO)
 (/usr/share/texlive/texmf-dist/tex/generic/oberdiek/etexcmds.sty
Package: etexcmds 2011/02/16 v1.5 Avoid name clashes with e-TeX commands (HO)
Package etexcmds Info: Could not find \expanded.
(etexcmds)             That can mean that you are not using pdfTeX 1.50 or
(etexcmds)             that some package has redefined \expanded.
(etexcmds)             In the latter case, load this package earlier.
)))
Package grfext Info: Graphics extension search list:
(grfext)             [.png,.pdf,.jpg,.mps,.jpeg,.jbig2,.jb2,.PNG,.PDF,.JPG,.JPEG,.JBIG2,.JB2,.eps]
(grfext)             \AppendGraphicsExtensions on input line 452.
 (/usr/share/texlive/texmf-dist/tex/latex/latexconfig/epstopdf-sys.cfg
File: epstopdf-sys.cfg 2010/07/13 v1.3 Configuration of (r)epstopdf for TeX Live
))
\c@lstlisting=\count121
 (/usr/share/texlive/texmf-dist/tex/latex/listings/lstlang1.sty
File: lstlang1.sty 2015/06/04 1.6 listings language file
) <uon.jpeg, id=1, 2710.125pt x 444.66125pt>
File: uon.jpeg Graphic file (type jpg)
 <use uon.jpeg>
Package pdftex.def Info: uon.jpeg used on input line 62.
(pdftex.def)             Requested size: 271.02838pt x 44.46872pt.
 [1

{/var/lib/texmf/fonts/map/pdftex/updmap/pdftex.map} <./uon.jpeg>] (./mod.toc)
\tf@toc=\write3
\openout3 = `mod.toc'.

 [1] <welding.png, id=14, 1724.4425pt x 835.12pt>
File: welding.png Graphic file (type png)
 <use welding.png>
Package pdftex.def Info: welding.png used on input line 112.
(pdftex.def)             Requested size: 344.88239pt x 167.02103pt.
 [2 <./welding.png>]
LaTeX Font Info:    Try loading font information for OMS+cmr on input line 138.
 (/usr/share/texlive/texmf-dist/tex/latex/base/omscmr.fd
File: omscmr.fd 2014/09/29 v2.5h Standard LaTeX font definitions
)
LaTeX Font Info:    Font shape `OMS/cmr/m/n' in size <12> not available
(Font)              Font shape `OMS/cmsy/m/n' tried instead on input line 138.
 <design.png, id=19, 226.9935pt x 166.5495pt>
File: design.png Graphic file (type png)
 <use design.png>
Package pdftex.def Info: design.png used on input line 148.
(pdftex.def)             Requested size: 249.6936pt x 183.205pt.
 [3 <./design.png>] <joints.png, id=26, 256.5585pt x 175.419pt>
File: joints.png Graphic file (type png)
 <use joints.png>
Package pdftex.def Info: joints.png used on input line 162.
(pdftex.def)             Requested size: 282.21523pt x 192.96149pt.
 <workspace.PNG, id=27, 777.65532pt x 322.95656pt>
File: workspace.PNG Graphic file (type png)
 <use workspace.PNG>
Package pdftex.def Info: workspace.PNG used on input line 170.
(pdftex.def)             Requested size: 505.46997pt x 209.91927pt.

Overfull \hbox (78.03844pt too wide) in paragraph at lines 170--170
 [][] 
 []

[4 <./joints.png> <./workspace.PNG>] <forward.png, id=34, 606.76688pt x 326.72063pt>
File: forward.png Graphic file (type png)
 <use forward.png>
Package pdftex.def Info: forward.png used on input line 181.
(pdftex.def)             Requested size: 424.73392pt x 228.70287pt.

./mod.tex:193: Missing $ inserted.
<inserted text> 
                $
l.193  $1->2$ & $\theta _1^*+90^0$    &$l_2$$ &
                                                0 &$90^0$  \\
I've inserted a begin-math/end-math symbol since I think
you left one out. Proceed, with fingers crossed.


Overfull \hbox (61.35977pt too wide) in paragraph at lines 186--202
[] 
 []


Underfull \hbox (badness 10000) in paragraph at lines 186--202

 []


Underfull \hbox (badness 10000) in paragraph at lines 186--202

 []

./mod.tex:212: Missing $ inserted.
<inserted text> 
                $
l.212 }
       
I've inserted a begin-math/end-math symbol since I think
you left one out. Proceed, with fingers crossed.

./mod.tex:212: Missing $ inserted.
<inserted text> 
                $
l.212 }
       
I've inserted a begin-math/end-math symbol since I think
you left one out. Proceed, with fingers crossed.


Overfull \hbox (44.43512pt too wide) in paragraph at lines 203--213
[] 
 []

[5 <./forward.png>] <topview.png, id=41, 521.95pt x 308.15125pt>
File: topview.png Graphic file (type png)
 <use topview.png>
Package pdftex.def Info: topview.png used on input line 232.
(pdftex.def)             Requested size: 260.97435pt x 154.07524pt.

Overfull \hbox (47.25859pt too wide) in paragraph at lines 232--232
 [][] 
 []

<sideview.png, id=42, 521.95pt x 355.3275pt>
File: sideview.png Graphic file (type png)
 <use sideview.png>
Package pdftex.def Info: sideview.png used on input line 243.
(pdftex.def)             Requested size: 260.97435pt x 177.6633pt.

Overfull \hbox (47.25859pt too wide) in paragraph at lines 243--243
 [][] 
 []


Overfull \hbox (2.61107pt too wide) in paragraph at lines 229--250
[]$[]$ $[]$ 
 []

[6 <./topview.png> <./sideview.png>]
Underfull \hbox (badness 10000) in paragraph at lines 256--257

 []

<multisol.png, id=50, 563.85657pt x 362.10281pt>
File: multisol.png Graphic file (type png)
 <use multisol.png>
Package pdftex.def Info: multisol.png used on input line 266.
(pdftex.def)             Requested size: 281.9276pt x 181.05095pt.

Underfull \hbox (badness 10000) in paragraph at lines 276--280

 []


Underfull \hbox (badness 10000) in paragraph at lines 276--280

 []


Underfull \hbox (badness 10000) in paragraph at lines 276--280

 []

[7 <./multisol.png>]
Underfull \hbox (badness 10000) in paragraph at lines 288--295

 []

<newmodel.png, id=55, 469.755pt x 404.51125pt>
File: newmodel.png Graphic file (type png)
 <use newmodel.png>
Package pdftex.def Info: newmodel.png used on input line 316.
(pdftex.def)             Requested size: 187.89867pt x 161.80162pt.
 [8] <modifiedbase.png, id=59, 447.6725pt x 213.79875pt>
File: modifiedbase.png Graphic file (type png)
 <use modifiedbase.png>
Package pdftex.def Info: modifiedbase.png used on input line 328.
(pdftex.def)             Requested size: 299.93901pt x 143.2444pt.
 [9 <./newmodel.png>]
./mod.tex:334: Undefined control sequence.
<argument> \texbf 
                  {Holonomic Constraint}
l.334 ...\quad \text{\texbf{Holonomic Constraint}}
                                                  
The control sequence at the end of the top line
of your error message was never \def'ed. If you have
misspelled it (e.g., `\hobx'), type `I' and the correct
spelling (e.g., `I\hbox'). Otherwise just continue,
and I'll forget about whatever was undefined.

./mod.tex:334: Undefined control sequence.
<argument> \firstchoice@false \texbf 
                                     {Holonomic Constraint}
l.334 ...\quad \text{\texbf{Holonomic Constraint}}
                                                  
The control sequence at the end of the top line
of your error message was never \def'ed. If you have
misspelled it (e.g., `\hobx'), type `I' and the correct
spelling (e.g., `I\hbox'). Otherwise just continue,
and I'll forget about whatever was undefined.

./mod.tex:334: Undefined control sequence.
<argument> \firstchoice@false \texbf 
                                     {Holonomic Constraint}
l.334 ...\quad \text{\texbf{Holonomic Constraint}}
                                                  
The control sequence at the end of the top line
of your error message was never \def'ed. If you have
misspelled it (e.g., `\hobx'), type `I' and the correct
spelling (e.g., `I\hbox'). Otherwise just continue,
and I'll forget about whatever was undefined.

./mod.tex:334: Undefined control sequence.
<argument> \firstchoice@false \texbf 
                                     {Holonomic Constraint}
l.334 ...\quad \text{\texbf{Holonomic Constraint}}
                                                  
The control sequence at the end of the top line
of your error message was never \def'ed. If you have
misspelled it (e.g., `\hobx'), type `I' and the correct
spelling (e.g., `I\hbox'). Otherwise just continue,
and I'll forget about whatever was undefined.


Underfull \hbox (badness 10000) in paragraph at lines 335--336

 []

<modifiedjoint.png, id=63, 447.6725pt x 218.8175pt>
File: modifiedjoint.png Graphic file (type png)
 <use modifiedjoint.png>
Package pdftex.def Info: modifiedjoint.png used on input line 342.
(pdftex.def)             Requested size: 313.3686pt x 153.17119pt.

./mod.tex:348: Undefined control sequence.
<argument> \texbf 
                  {Holonomic Constraint}
l.348 ...\quad \text{\texbf{Holonomic Constraint}}
                                                  
The control sequence at the end of the top line
of your error message was never \def'ed. If you have
misspelled it (e.g., `\hobx'), type `I' and the correct
spelling (e.g., `I\hbox'). Otherwise just continue,
and I'll forget about whatever was undefined.

./mod.tex:348: Undefined control sequence.
<argument> \firstchoice@false \texbf 
                                     {Holonomic Constraint}
l.348 ...\quad \text{\texbf{Holonomic Constraint}}
                                                  
The control sequence at the end of the top line
of your error message was never \def'ed. If you have
misspelled it (e.g., `\hobx'), type `I' and the correct
spelling (e.g., `I\hbox'). Otherwise just continue,
and I'll forget about whatever was undefined.

./mod.tex:348: Undefined control sequence.
<argument> \firstchoice@false \texbf 
                                     {Holonomic Constraint}
l.348 ...\quad \text{\texbf{Holonomic Constraint}}
                                                  
The control sequence at the end of the top line
of your error message was never \def'ed. If you have
misspelled it (e.g., `\hobx'), type `I' and the correct
spelling (e.g., `I\hbox'). Otherwise just continue,
and I'll forget about whatever was undefined.

./mod.tex:348: Undefined control sequence.
<argument> \firstchoice@false \texbf 
                                     {Holonomic Constraint}
l.348 ...\quad \text{\texbf{Holonomic Constraint}}
                                                  
The control sequence at the end of the top line
of your error message was never \def'ed. If you have
misspelled it (e.g., `\hobx'), type `I' and the correct
spelling (e.g., `I\hbox'). Otherwise just continue,
and I'll forget about whatever was undefined.

[10 <./modifiedbase.png> <./modifiedjoint.png>]
Underfull \hbox (badness 10000) in paragraph at lines 349--350

 []

<link.png, id=67, 376.40625pt x 417.56pt>
File: link.png Graphic file (type png)
 <use link.png>
Package pdftex.def Info: link.png used on input line 356.
(pdftex.def)             Requested size: 150.55983pt x 167.02103pt.


./mod.tex:361: LaTeX Error: Lonely \item--perhaps a missing list environment.

See the LaTeX manual or LaTeX Companion for explanation.
Type  H <return>  for immediate help.
 ...                                              
                                                  
l.361   \item \textbf
                     {Changing Endeffector}  \\
Try typing  <return>  to proceed.
If that doesn't work, type  X <return>  to quit.


Underfull \hbox (badness 10000) detected at line 361
[][]
 []


Overfull \hbox (30.35677pt too wide) in paragraph at lines 369--372
[]\OT1/cmr/m/n/12 Structure- The robot will op-er-ate within some struc-tured en-vi-ron-ment.Objects(metal
 []

[11 <./link.png>] <simenv.png, id=71, 773.89125pt x 496.10344pt>
File: simenv.png Graphic file (type png)
 <use simenv.png>
Package pdftex.def Info: simenv.png used on input line 399.
(pdftex.def)             Requested size: 386.94467pt x 248.0511pt.
 [12]

./mod.tex:403: LaTeX Error: There's no line here to end.

See the LaTeX manual or LaTeX Companion for explanation.
Type  H <return>  for immediate help.
 ...                                              
                                                  
l.403   A
          brief overview on how the code works is given below.
Your command was ignored.
Type  I <command> <return>  to replace it with another command,
or  <return>  to continue without it.

[13 <./simenv.png>]
Underfull \hbox (badness 10000) in paragraph at lines 438--446

 []


Underfull \hbox (badness 10000) in paragraph at lines 438--446

 []


Underfull \hbox (badness 10000) in paragraph at lines 438--446

 []

<baseframe.png, id=80, 248.93pt x 148.555pt>
File: baseframe.png Graphic file (type png)
 <use baseframe.png>
Package pdftex.def Info: baseframe.png used on input line 453.
(pdftex.def)             Requested size: 124.46469pt x 74.27731pt.
 <endeffecotrframe.png, id=81, 200.75pt x 141.52875pt>
File: endeffecotrframe.png Graphic file (type png)
 <use endeffecotrframe.png>
Package pdftex.def Info: endeffecotrframe.png used on input line 459.
(pdftex.def)             Requested size: 100.37474pt x 70.76419pt.

Overfull \hbox (2.61107pt too wide) in paragraph at lines 450--462
[]$[]$ $[]$ 
 []

[14] <fkin.png, id=85, 575.14874pt x 163.61125pt>
File: fkin.png Graphic file (type png)
 <use fkin.png>
Package pdftex.def Info: fkin.png used on input line 477.
(pdftex.def)             Requested size: 460.11961pt x 130.88916pt.

Overfull \hbox (32.68808pt too wide) in paragraph at lines 477--477
 [][] 
 []

[15 <./baseframe.png> <./endeffecotrframe.png> <./fkin.png>]
Overfull \hbox (6.87206pt too wide) in paragraph at lines 511--512
[]\OT1/cmr/m/n/12 Making the en-vi-ron-ment more elab-o-rate -\OT1/cmr/bx/n/12 Partially suc-cess-ful\OT1/cmr/m/n/12 (Simulation
 []

[16] [17] (../practice.m) (../p2.m [18]) [19] [20]
Overfull \hbox (2.61772pt too wide) in paragraph at lines 595--596
[][][][][] 
 []

No file mod.bbl.
[21] [22] (./mod.aux) ) 
Here is how much of TeX's memory you used:
 7074 strings out of 494953
 98183 string characters out of 6180977
 289634 words of memory out of 5000000
 10234 multiletter control sequences out of 15000+600000
 11194 words of font info for 40 fonts, out of 8000000 for 9000
 14 hyphenation exceptions out of 8191
 42i,13n,43p,323b,1634s stack positions out of 5000i,500n,10000p,200000b,80000s
</usr/share/texlive/texmf-dist/fonts/type1/public/amsfonts/cm/cmbx12.pfb></usr/share/texlive/texmf-dist/fonts/type1/public/amsfonts/cm/cmcsc10.pfb></usr/share/texlive/texmf-dist/fonts/type1/public/amsfonts/cm/cmex10.pfb></usr/share/texlive/texmf-dist/fonts/type1/public/amsfonts/cm/cmmi12.pfb></usr/share/texlive/texmf-dist/fonts/type1/public/amsfonts/cm/cmmi8.pfb></usr/share/texlive/texmf-dist/fonts/type1/public/amsfonts/cm/cmr10.pfb></usr/share/texlive/texmf-dist/fonts/type1/public/amsfonts/cm/cmr12.pfb></usr/share/texlive/texmf-dist/fonts/type1/public/amsfonts/cm/cmr6.pfb></usr/share/texlive/texmf-dist/fonts/type1/public/amsfonts/cm/cmr8.pfb></usr/share/texlive/texmf-dist/fonts/type1/public/amsfonts/cm/cmsy10.pfb></usr/share/texlive/texmf-dist/fonts/type1/public/amsfonts/cm/cmsy8.pfb></usr/share/texlive/texmf-dist/fonts/type1/public/amsfonts/cm/cmti12.pfb></usr/share/texlive/texmf-dist/fonts/type1/public/amsfonts/cm/cmtt12.pfb>
Output written on mod.pdf (23 pages, 6687612 bytes).
PDF statistics:
 154 PDF objects out of 1000 (max. 8388607)
 92 compressed objects within 1 object stream
 0 named destinations out of 1000 (max. 500000)
 86 words of extra memory for PDF output out of 10000 (max. 10000000)

