This is pdfTeX, Version 3.14159265-2.6-1.40.16 (TeX Live 2015/Debian) (preloaded format=pdflatex 2019.11.5)  16 DEC 2019 16:44
entering extended mode
 restricted \write18 enabled.
 file:line:error style messages enabled.
 %&-line parsing enabled.
**con.tex
(./con.tex
LaTeX2e <2016/02/01>
Babel <3.9q> and hyphenation patterns for 3 language(s) loaded.
(/usr/share/texlive/texmf-dist/tex/latex/base/article.cls
Document Class: article 2014/09/29 v1.4h Standard LaTeX document class
(/usr/share/texlive/texmf-dist/tex/latex/base/size12.clo
File: size12.clo 2014/09/29 v1.4h Standard LaTeX file (size option)
)
\c@part=\count79
\c@section=\count80
\c@subsection=\count81
\c@subsubsection=\count82
\c@paragraph=\count83
\c@subparagraph=\count84
\c@figure=\count85
\c@table=\count86
\abovecaptionskip=\skip41
\belowcaptionskip=\skip42
\bibindent=\dimen102
) (/usr/share/texlive/texmf-dist/tex/generic/babel/babel.sty
Package: babel 2016/02/24 3.9q The Babel package
 (/usr/share/texlive/texmf-dist/tex/generic/babel-english/english.ldf
Language: english 2012/08/20 v3.3p English support from the babel system
 (/usr/share/texlive/texmf-dist/tex/generic/babel/babel.def
File: babel.def 2016/02/24 3.9q Babel common definitions
\babel@savecnt=\count87
\U@D=\dimen103
)
\l@british = a dialect from \language\l@english 
\l@UKenglish = a dialect from \language\l@english 
\l@canadian = a dialect from \language\l@american 
\l@australian = a dialect from \language\l@british 
\l@newzealand = a dialect from \language\l@british 
)) (/usr/share/texlive/texmf-dist/tex/latex/mathtools/mathtools.sty
Package: mathtools 2015/11/12 v1.18 mathematical typesetting tools
 (/usr/share/texlive/texmf-dist/tex/latex/graphics/keyval.sty
Package: keyval 2014/10/28 v1.15 key=value parser (DPC)
\KV@toks@=\toks14
) (/usr/share/texlive/texmf-dist/tex/latex/tools/calc.sty
Package: calc 2014/10/28 v4.3 Infix arithmetic (KKT,FJ)
\calc@Acount=\count88
\calc@Bcount=\count89
\calc@Adimen=\dimen104
\calc@Bdimen=\dimen105
\calc@Askip=\skip43
\calc@Bskip=\skip44
LaTeX Info: Redefining \setlength on input line 80.
LaTeX Info: Redefining \addtolength on input line 81.
\calc@Ccount=\count90
\calc@Cskip=\skip45
) (/usr/share/texlive/texmf-dist/tex/latex/mathtools/mhsetup.sty
Package: mhsetup 2010/01/21 v1.2a programming setup (MH)
) (/usr/share/texlive/texmf-dist/tex/latex/amsmath/amsmath.sty
Package: amsmath 2016/03/03 v2.15a AMS math features
\@mathmargin=\skip46

For additional information on amsmath, use the `?' option.
(/usr/share/texlive/texmf-dist/tex/latex/amsmath/amstext.sty
Package: amstext 2000/06/29 v2.01 AMS text
 (/usr/share/texlive/texmf-dist/tex/latex/amsmath/amsgen.sty
File: amsgen.sty 1999/11/30 v2.0 generic functions
\@emptytoks=\toks15
\ex@=\dimen106
)) (/usr/share/texlive/texmf-dist/tex/latex/amsmath/amsbsy.sty
Package: amsbsy 1999/11/29 v1.2d Bold Symbols
\pmbraise@=\dimen107
) (/usr/share/texlive/texmf-dist/tex/latex/amsmath/amsopn.sty
Package: amsopn 1999/12/14 v2.01 operator names
)
\inf@bad=\count91
LaTeX Info: Redefining \frac on input line 199.
\uproot@=\count92
\leftroot@=\count93
LaTeX Info: Redefining \overline on input line 297.
\classnum@=\count94
\DOTSCASE@=\count95
LaTeX Info: Redefining \ldots on input line 394.
LaTeX Info: Redefining \dots on input line 397.
LaTeX Info: Redefining \cdots on input line 518.
\Mathstrutbox@=\box26
\strutbox@=\box27
\big@size=\dimen108
LaTeX Font Info:    Redeclaring font encoding OML on input line 630.
LaTeX Font Info:    Redeclaring font encoding OMS on input line 631.
\macc@depth=\count96
\c@MaxMatrixCols=\count97
\dotsspace@=\muskip10
\c@parentequation=\count98
\dspbrk@lvl=\count99
\tag@help=\toks16
\row@=\count100
\column@=\count101
\maxfields@=\count102
\andhelp@=\toks17
\eqnshift@=\dimen109
\alignsep@=\dimen110
\tagshift@=\dimen111
\tagwidth@=\dimen112
\totwidth@=\dimen113
\lineht@=\dimen114
\@envbody=\toks18
\multlinegap=\skip47
\multlinetaggap=\skip48
\mathdisplay@stack=\toks19
LaTeX Info: Redefining \[ on input line 2735.
LaTeX Info: Redefining \] on input line 2736.
)
LaTeX Info: Thecontrolsequence`\('isalreadyrobust on input line 129.
LaTeX Info: Thecontrolsequence`\)'isalreadyrobust on input line 129.
LaTeX Info: Thecontrolsequence`\['isalreadyrobust on input line 129.
LaTeX Info: Thecontrolsequence`\]'isalreadyrobust on input line 129.
\g_MT_multlinerow_int=\count103
\l_MT_multwidth_dim=\dimen115
\origjot=\skip49
\l_MT_shortvdotswithinadjustabove_dim=\dimen116
\l_MT_shortvdotswithinadjustbelow_dim=\dimen117
\l_MT_above_intertext_sep=\dimen118
\l_MT_below_intertext_sep=\dimen119
\l_MT_above_shortintertext_sep=\dimen120
\l_MT_below_shortintertext_sep=\dimen121
) (/usr/share/texlive/texmf-dist/tex/latex/graphics/graphicx.sty
Package: graphicx 2014/10/28 v1.0g Enhanced LaTeX Graphics (DPC,SPQR)
 (/usr/share/texlive/texmf-dist/tex/latex/graphics/graphics.sty
Package: graphics 2016/01/03 v1.0q Standard LaTeX Graphics (DPC,SPQR)
 (/usr/share/texlive/texmf-dist/tex/latex/graphics/trig.sty
Package: trig 2016/01/03 v1.10 sin cos tan (DPC)
) (/usr/share/texlive/texmf-dist/tex/latex/latexconfig/graphics.cfg
File: graphics.cfg 2010/04/23 v1.9 graphics configuration of TeX Live
)
Package graphics Info: Driver file: pdftex.def on input line 95.
 (/usr/share/texlive/texmf-dist/tex/latex/pdftex-def/pdftex.def
File: pdftex.def 2011/05/27 v0.06d Graphics/color for pdfTeX
 (/usr/share/texlive/texmf-dist/tex/generic/oberdiek/infwarerr.sty
Package: infwarerr 2010/04/08 v1.3 Providing info/warning/error messages (HO)
) (/usr/share/texlive/texmf-dist/tex/generic/oberdiek/ltxcmds.sty
Package: ltxcmds 2011/11/09 v1.22 LaTeX kernel commands for general use (HO)
)
\Gread@gobject=\count104
))
\Gin@req@height=\dimen122
\Gin@req@width=\dimen123
) (/usr/share/texlive/texmf-dist/tex/latex/pdfpages/pdfpages.sty
Package: pdfpages 2015/09/18 v0.5d Insert pages of external PDF documents (AM)
 (/usr/share/texlive/texmf-dist/tex/latex/base/ifthen.sty
Package: ifthen 2014/09/29 v1.1c Standard LaTeX ifthen package (DPC)
) (/usr/share/texlive/texmf-dist/tex/latex/eso-pic/eso-pic.sty
Package: eso-pic 2015/07/21 v2.0g eso-pic (RN)
 (/usr/share/texlive/texmf-dist/tex/generic/oberdiek/atbegshi.sty
Package: atbegshi 2011/10/05 v1.16 At begin shipout hook (HO)
 (/usr/share/texlive/texmf-dist/tex/generic/oberdiek/ifpdf.sty
Package: ifpdf 2011/01/30 v2.3 Provides the ifpdf switch (HO)
Package ifpdf Info: pdfTeX in PDF mode is detected.
)) (/usr/share/texlive/texmf-dist/tex/latex/xcolor/xcolor.sty
Package: xcolor 2007/01/21 v2.11 LaTeX color extensions (UK)
 (/usr/share/texlive/texmf-dist/tex/latex/latexconfig/color.cfg
File: color.cfg 2007/01/18 v1.5 color configuration of teTeX/TeXLive
)
Package xcolor Info: Driver file: pdftex.def on input line 225.
Package xcolor Info: Model `cmy' substituted by `cmy0' on input line 1337.
Package xcolor Info: Model `hsb' substituted by `rgb' on input line 1341.
Package xcolor Info: Model `RGB' extended on input line 1353.
Package xcolor Info: Model `HTML' substituted by `rgb' on input line 1355.
Package xcolor Info: Model `Hsb' substituted by `hsb' on input line 1356.
Package xcolor Info: Model `tHsb' substituted by `hsb' on input line 1357.
Package xcolor Info: Model `HSB' substituted by `hsb' on input line 1358.
Package xcolor Info: Model `Gray' substituted by `gray' on input line 1359.
Package xcolor Info: Model `wave' substituted by `hsb' on input line 1360.
))
\AM@pagewidth=\dimen124
\AM@pageheight=\dimen125
 (/usr/share/texlive/texmf-dist/tex/latex/pdfpages/pppdftex.def
File: pppdftex.def 2015/09/18 v0.5d Pdfpages driver for pdfTeX (AM)
)
\AM@pagebox=\box28
\AM@toc@title=\toks20
\c@AM@survey=\count105
\AM@templatesizebox=\box29
) (/usr/share/texlive/texmf-dist/tex/latex/caption/subcaption.sty
Package: subcaption 2016/02/20 v1.1-142 Sub-captions (AR)
 (/usr/share/texlive/texmf-dist/tex/latex/caption/caption.sty
Package: caption 2016/02/21 v3.3-144 Customizing captions (AR)
 (/usr/share/texlive/texmf-dist/tex/latex/caption/caption3.sty
Package: caption3 2016/02/04 v1.7-139 caption3 kernel (AR)
Package caption3 Info: TeX engine: e-TeX on input line 67.
\captionmargin=\dimen126
\captionmargin@=\dimen127
\captionwidth=\dimen128
\caption@tempdima=\dimen129
\caption@indent=\dimen130
\caption@parindent=\dimen131
\caption@hangindent=\dimen132
)
\c@ContinuedFloat=\count106
)
\c@subfigure=\count107
\c@subtable=\count108
) (/usr/share/texlive/texmf-dist/tex/latex/float/float.sty
Package: float 2001/11/08 v1.3d Float enhancements (AL)
\c@float@type=\count109
\float@exts=\toks21
\float@box=\box30
\@float@everytoks=\toks22
\@floatcapt=\box31
) (/usr/share/texlive/texmf-dist/tex/latex/natbib/natbib.sty
Package: natbib 2010/09/13 8.31b (PWD, AO)
\bibhang=\skip50
\bibsep=\skip51
LaTeX Info: Redefining \cite on input line 694.
\c@NAT@ctr=\count110
) (/usr/share/texlive/texmf-dist/tex/latex/esdiff/esdiff.sty
Package: esdiff 
) (/usr/share/texlive/texmf-dist/tex/latex/url/url.sty
\Urlmuskip=\muskip11
Package: url 2013/09/16  ver 3.4  Verb mode for urls, etc.
) (/usr/share/texlive/texmf-dist/tex/latex/base/inputenc.sty
Package: inputenc 2015/03/17 v1.2c Input encoding file
\inpenc@prehook=\toks23
\inpenc@posthook=\toks24
 (/usr/share/texlive/texmf-dist/tex/latex/ucs/utf8x.def
File: utf8x.def 2004/10/17 UCS: Input encoding UTF-8
)) (/usr/share/texlive/texmf-dist/tex/latex/ucs/ucs.sty
Package: ucs 2013/05/11 v2.2 UCS: Unicode input support
 (/usr/share/texlive/texmf-dist/tex/latex/ucs/data/uni-global.def
File: uni-global.def 2013/05/13 UCS: Unicode global data
)
\uc@secondtry=\count111
\uc@combtoks=\toks25
\uc@combtoksb=\toks26
\uc@temptokena=\toks27
) (/usr/share/texlive/texmf-dist/tex/latex/parskip/parskip.sty
Package: parskip 2001/04/09 non-zero parskip adjustments
) (/usr/share/texlive/texmf-dist/tex/latex/fancyhdr/fancyhdr.sty
\fancy@headwidth=\skip52
\f@ncyO@elh=\skip53
\f@ncyO@erh=\skip54
\f@ncyO@olh=\skip55
\f@ncyO@orh=\skip56
\f@ncyO@elf=\skip57
\f@ncyO@erf=\skip58
\f@ncyO@olf=\skip59
\f@ncyO@orf=\skip60
)
(/usr/share/texlive/texmf-dist/tex/latex/vmargin/vmargin.sty
Package: vmargin 2004/07/15 V2.5 set document margins (VK)

Package: vmargin 2004/07/15 V2.5 set document margins (VK)
\PaperWidth=\dimen133
\PaperHeight=\dimen134
) (/usr/share/texlive/texmf-dist/tex/latex/listings/listings.sty
\lst@mode=\count112
\lst@gtempboxa=\box32
\lst@token=\toks28
\lst@length=\count113
\lst@currlwidth=\dimen135
\lst@column=\count114
\lst@pos=\count115
\lst@lostspace=\dimen136
\lst@width=\dimen137
\lst@newlines=\count116
\lst@lineno=\count117
\lst@maxwidth=\dimen138
 (/usr/share/texlive/texmf-dist/tex/latex/listings/lstmisc.sty
File: lstmisc.sty 2015/06/04 1.6 (Carsten Heinz)
\c@lstnumber=\count118
\lst@skipnumbers=\count119
\lst@framebox=\box33
) (/usr/share/texlive/texmf-dist/tex/latex/listings/listings.cfg
File: listings.cfg 2015/06/04 1.6 listings configuration
))
Package: listings 2015/06/04 1.6 (Carsten Heinz)
 (./con.aux)
\openout1 = `con.aux'.

LaTeX Font Info:    Checking defaults for OML/cmm/m/it on input line 49.
LaTeX Font Info:    ... okay on input line 49.
LaTeX Font Info:    Checking defaults for T1/cmr/m/n on input line 49.
LaTeX Font Info:    ... okay on input line 49.
LaTeX Font Info:    Checking defaults for OT1/cmr/m/n on input line 49.
LaTeX Font Info:    ... okay on input line 49.
LaTeX Font Info:    Checking defaults for OMS/cmsy/m/n on input line 49.
LaTeX Font Info:    ... okay on input line 49.
LaTeX Font Info:    Checking defaults for OMX/cmex/m/n on input line 49.
LaTeX Font Info:    ... okay on input line 49.
LaTeX Font Info:    Checking defaults for U/cmr/m/n on input line 49.
LaTeX Font Info:    ... okay on input line 49.
 (/usr/share/texlive/texmf-dist/tex/context/base/supp-pdf.mkii
[Loading MPS to PDF converter (version 2006.09.02).]
\scratchcounter=\count120
\scratchdimen=\dimen139
\scratchbox=\box34
\nofMPsegments=\count121
\nofMParguments=\count122
\everyMPshowfont=\toks29
\MPscratchCnt=\count123
\MPscratchDim=\dimen140
\MPnumerator=\count124
\makeMPintoPDFobject=\count125
\everyMPtoPDFconversion=\toks30
) (/usr/share/texlive/texmf-dist/tex/generic/oberdiek/pdftexcmds.sty
Package: pdftexcmds 2011/11/29 v0.20 Utility functions of pdfTeX for LuaTeX (HO)
 (/usr/share/texlive/texmf-dist/tex/generic/oberdiek/ifluatex.sty
Package: ifluatex 2010/03/01 v1.3 Provides the ifluatex switch (HO)
Package ifluatex Info: LuaTeX not detected.
)
Package pdftexcmds Info: LuaTeX not detected.
Package pdftexcmds Info: \pdf@primitive is available.
Package pdftexcmds Info: \pdf@ifprimitive is available.
Package pdftexcmds Info: \pdfdraftmode found.
) (/usr/share/texlive/texmf-dist/tex/latex/oberdiek/epstopdf-base.sty
Package: epstopdf-base 2010/02/09 v2.5 Base part for package epstopdf
 (/usr/share/texlive/texmf-dist/tex/latex/oberdiek/grfext.sty
Package: grfext 2010/08/19 v1.1 Manage graphics extensions (HO)
 (/usr/share/texlive/texmf-dist/tex/generic/oberdiek/kvdefinekeys.sty
Package: kvdefinekeys 2011/04/07 v1.3 Define keys (HO)
)) (/usr/share/texlive/texmf-dist/tex/latex/oberdiek/kvoptions.sty
Package: kvoptions 2011/06/30 v3.11 Key value format for package options (HO)
 (/usr/share/texlive/texmf-dist/tex/generic/oberdiek/kvsetkeys.sty
Package: kvsetkeys 2012/04/25 v1.16 Key value parser (HO)
 (/usr/share/texlive/texmf-dist/tex/generic/oberdiek/etexcmds.sty
Package: etexcmds 2011/02/16 v1.5 Avoid name clashes with e-TeX commands (HO)
Package etexcmds Info: Could not find \expanded.
(etexcmds)             That can mean that you are not using pdfTeX 1.50 or
(etexcmds)             that some package has redefined \expanded.
(etexcmds)             In the latter case, load this package earlier.
)))
Package grfext Info: Graphics extension search list:
(grfext)             [.png,.pdf,.jpg,.mps,.jpeg,.jbig2,.jb2,.PNG,.PDF,.JPG,.JPEG,.JBIG2,.JB2,.eps]
(grfext)             \AppendGraphicsExtensions on input line 452.
 (/usr/share/texlive/texmf-dist/tex/latex/latexconfig/epstopdf-sys.cfg
File: epstopdf-sys.cfg 2010/07/13 v1.3 Configuration of (r)epstopdf for TeX Live
))
\AtBeginShipoutBox=\box35
 (/usr/share/texlive/texmf-dist/tex/latex/oberdiek/pdflscape.sty
Package: pdflscape 2008/08/11 v0.10 Display of landscape pages in PDF (HO)
 (/usr/share/texlive/texmf-dist/tex/latex/graphics/lscape.sty
Package: lscape 2000/10/22 v3.01 Landscape Pages (DPC)
)
Package pdflscape Info: Auto-detected driver: pdftex on input line 80.
 (/usr/share/texlive/texmf-dist/tex/generic/ifxetex/ifxetex.sty
Package: ifxetex 2010/09/12 v0.6 Provides ifxetex conditional
))
Package caption Info: Begin \AtBeginDocument code.
Package caption Info: float package is loaded.
Package caption Info: listings package is loaded.
Package caption Info: End \AtBeginDocument code.
 (/usr/share/texlive/texmf-dist/tex/latex/ucs/ucsencs.def
File: ucsencs.def 2011/01/21 Fixes to fontencodings LGR, T3
)
\c@lstlisting=\count126
 (/usr/share/texlive/texmf-dist/tex/latex/listings/lstlang1.sty
File: lstlang1.sty 2015/06/04 1.6 listings language file
) <./uon.jpeg, id=1, 2710.125pt x 444.66125pt>
File: ./uon.jpeg Graphic file (type jpg)
 <use ./uon.jpeg>
Package pdftex.def Info: ./uon.jpeg used on input line 74.
(pdftex.def)             Requested size: 271.02838pt x 44.46872pt.
 [1

{/var/lib/texmf/fonts/map/pdftex/updmap/pdftex.map} <./uon.jpeg>] (./con.toc)
\tf@toc=\write3
\openout3 = `con.toc'.

 [1]
Underfull \hbox (badness 10000) in paragraph at lines 110--113

 []


Underfull \hbox (badness 10000) in paragraph at lines 121--123

 []


Underfull \hbox (badness 10000) in paragraph at lines 131--133

 []

[2]
Underfull \hbox (badness 10000) in paragraph at lines 148--153

 []


Underfull \hbox (badness 10000) in paragraph at lines 148--153

 []


Underfull \hbox (badness 10000) in paragraph at lines 148--153

 []


Overfull \hbox (65.88496pt too wide) in paragraph at lines 155--155
[] 
 []

[3]
Underfull \hbox (badness 10000) in paragraph at lines 175--178

 []

[4]

LaTeX Warning: Command \l invalid in math mode on input line 252.

[5]
Overfull \hbox (13.86624pt too wide) in paragraph at lines 255--255
[]\OT1/cmr/bx/n/17.28 FeedBack and Lin-ear Quadratic Reg-u-la-tor (Ques-
 []

<lqrlinearized.png, id=33, 1236.87094pt x 652.68843pt>
File: lqrlinearized.png Graphic file (type png)
 <use lqrlinearized.png>
Package pdftex.def Info: lqrlinearized.png used on input line 259.
(pdftex.def)             Requested size: 371.06415pt x 195.80804pt.
 <lqrNonlinearized.png, id=35, 1234.6125pt x 670.00313pt>
File: lqrNonlinearized.png Graphic file (type png)
 <use lqrNonlinearized.png>
Package pdftex.def Info: lqrNonlinearized.png used on input line 266.
(pdftex.def)             Requested size: 370.38661pt x 201.00249pt.
 [6 <./lqrlinearized.png>] <c1.png, id=41, 380.17032pt x 133.24782pt>
File: c1.png Graphic file (type png)
 <use c1.png>
Package pdftex.def Info: c1.png used on input line 275.
(pdftex.def)             Requested size: 342.15012pt x 119.92192pt.
 <c2.png, id=42, 773.89125pt x 137.7647pt>
File: c2.png Graphic file (type png)
 <use c2.png>
Package pdftex.def Info: c2.png used on input line 281.
(pdftex.def)             Requested size: 696.4957pt x 123.98706pt.

Overfull \hbox (269.06416pt too wide) in paragraph at lines 281--281
 [][] 
 []

[7 <./lqrNonlinearized.png> <./c1.png>] <c3.png, id=48, 793.46437pt x 139.27031pt>
File: c3.png Graphic file (type png)
 <use c3.png>
Package pdftex.def Info: c3.png used on input line 287.
(pdftex.def)             Requested size: 476.08229pt x 83.56282pt.

Overfull \hbox (48.65076pt too wide) in paragraph at lines 287--287
 [][] 
 []

<c4.png, id=49, 1171.37625pt x 137.01187pt>
File: c4.png Graphic file (type png)
 <use c4.png>
Package pdftex.def Info: c4.png used on input line 293.
(pdftex.def)             Requested size: 468.5422pt x 54.80377pt.

Overfull \hbox (41.11067pt too wide) in paragraph at lines 293--293
 [][] 
 []

<out.png, id=50, 442.65375pt x 334.24875pt>
File: out.png Graphic file (type png)
 <use out.png>
Package pdftex.def Info: out.png used on input line 299.
(pdftex.def)             Requested size: 354.12346pt x 267.39935pt.
 [8 <./c2.png> <./c3.png> <./c4.png>] <StateXlinearResponse.png, id=57, 1234.6125pt x 663.98062pt>
File: StateXlinearResponse.png Graphic file (type png)
 <use StateXlinearResponse.png>
Package pdftex.def Info: StateXlinearResponse.png used on input line 306.
(pdftex.def)             Requested size: 432.12085pt x 232.3967pt.

Overfull \hbox (4.68932pt too wide) in paragraph at lines 306--306
 [][] 
 []

[9 <./out.png>] <StateXNonLinearResponse.png, id=62, 1236.11812pt x 664.73344pt>
File: StateXNonLinearResponse.png Graphic file (type png)
 <use StateXNonLinearResponse.png>
Package pdftex.def Info: StateXNonLinearResponse.png used on input line 313.
(pdftex.def)             Requested size: 432.64783pt x 232.66019pt.

Overfull \hbox (5.2163pt too wide) in paragraph at lines 313--313
 [][] 
 []

[10 <./StateXlinearResponse.png>] <StateXth2LinearResponse.png, id=67, 1257.94969pt x 663.22781pt>
File: StateXth2LinearResponse.png Graphic file (type png)
 <use StateXth2LinearResponse.png>
Package pdftex.def Info: StateXth2LinearResponse.png used on input line 320.
(pdftex.def)             Requested size: 440.28899pt x 232.13321pt.

Overfull \hbox (12.85745pt too wide) in paragraph at lines 320--320
 [][] 
 []

<StateXth2NonLinearResponse.png, id=68, 1252.68pt x 668.4975pt>
File: StateXth2NonLinearResponse.png Graphic file (type png)
 <use StateXth2NonLinearResponse.png>
Package pdftex.def Info: StateXth2NonLinearResponse.png used on input line 327.
(pdftex.def)             Requested size: 438.44456pt x 233.97763pt.

Overfull \hbox (11.01303pt too wide) in paragraph at lines 327--327
 [][] 
 []

[11 <./StateXNonLinearResponse.png> <./StateXth2LinearResponse.png>] <StateXtht1tht2NonLinear.png, id=74, 1269.99469pt x 677.53125pt>
File: StateXtht1tht2NonLinear.png Graphic file (type png)
 <use StateXtht1tht2NonLinear.png>
Package pdftex.def Info: StateXtht1tht2NonLinear.png used on input line 334.
(pdftex.def)             Requested size: 444.5048pt x 237.13948pt.

Overfull \hbox (17.07327pt too wide) in paragraph at lines 334--334
 [][] 
 []

<StateXth1th2NonLinearResponse.png, id=75, 1255.69125pt x 666.23906pt>
File: StateXth1th2NonLinearResponse.png Graphic file (type png)
 <use StateXth1th2NonLinearResponse.png>
Package pdftex.def Info: StateXth1th2NonLinearResponse.png used on input line 341.
(pdftex.def)             Requested size: 439.49852pt x 233.18716pt.

Overfull \hbox (12.06699pt too wide) in paragraph at lines 341--341
 [][] 
 []

[12 <./StateXth2NonLinearResponse.png> <./StateXtht1tht2NonLinear.png>] <lqgNonlinear.png, id=82, 1260.20813pt x 670.00313pt>
File: lqgNonlinear.png Graphic file (type png)
 <use lqgNonlinear.png>
Package pdftex.def Info: lqgNonlinear.png used on input line 351.
(pdftex.def)             Requested size: 441.07945pt x 234.50461pt.

Overfull \hbox (13.64792pt too wide) in paragraph at lines 351--351
 [][] 
 []

[13 <./StateXth1th2NonLinearResponse.png>] (./proj.m
Overfull \hbox (79.01762pt too wide) in paragraph at lines 1--2
[][][][] 
 []


Overfull \hbox (79.01762pt too wide) in paragraph at lines 2--3
[][][][] 
 []


Overfull \hbox (79.01762pt too wide) in paragraph at lines 4--5
[][][][] 
 []


Overfull \hbox (79.01762pt too wide) in paragraph at lines 5--7
[][][][] 
 []

[14 <./lqgNonlinear.png>]
Overfull \hbox (43.76768pt too wide) in paragraph at lines 26--27
[][][][] 
 []


Overfull \hbox (43.76768pt too wide) in paragraph at lines 28--29
[][][][] 
 []

LaTeX Font Info:    Try loading font information for OMS+cmr on input line 29.
(/usr/share/texlive/texmf-dist/tex/latex/base/omscmr.fd
File: omscmr.fd 2014/09/29 v2.5h Standard LaTeX font definitions
)
LaTeX Font Info:    Font shape `OMS/cmr/m/n' in size <12> not available
(Font)              Font shape `OMS/cmsy/m/n' tried instead on input line 29.
 [15]
Overfull \hbox (43.76768pt too wide) in paragraph at lines 62--63
[][][][] 
 []


./proj.m:63: Package inputenc Error: Keyboard character used is undefined
(inputenc)                in inputencoding `utf8x'.

See the inputenc package documentation for explanation.
Type  H <return>  for immediate help.
 ...                                              
                                                  
l.63 %                    Taking derivatives^^S
                                               
You need to provide a definition with \DeclareInputText 
or \DeclareInputMath before using this key.


Overfull \hbox (43.76768pt too wide) in paragraph at lines 64--66
[][][][] 
 []

[16]
Overfull \hbox (36.7177pt too wide) in paragraph at lines 99--100
[][][][] 
 []


Overfull \hbox (36.7177pt too wide) in paragraph at lines 101--103
[][][][] 
 []

[17]) <lagrange.png, id=100, 943.525pt x 489.83pt>
File: lagrange.png Graphic file (type png)
 <use lagrange.png>
Package pdftex.def Info: lagrange.png used on input line 364.
(pdftex.def)             Requested size: 471.76134pt x 244.9144pt.

Overfull \hbox (44.3298pt too wide) in paragraph at lines 364--364
 [][] 
 []

[18] (./compute.m
Overfull \hbox (36.7177pt too wide) in paragraph at lines 3--4
[][][][] 
 []


Overfull \hbox (36.7177pt too wide) in paragraph at lines 5--6
[][][][] 
 []

[19 <./lagrange.png>]
Overfull \hbox (71.96764pt too wide) in paragraph at lines 33--34
[][][][] 
 []


Overfull \hbox (71.96764pt too wide) in paragraph at lines 35--36
[][][][] 
 []

[20]
Overfull \hbox (86.06761pt too wide) in paragraph at lines 50--51
[][][][] 
 []


Overfull \hbox (86.06761pt too wide) in paragraph at lines 52--53
[][][][] 
 []


Overfull \hbox (86.06761pt too wide) in paragraph at lines 64--65
[][][][] 
 []


Overfull \hbox (86.06761pt too wide) in paragraph at lines 66--68
[][][][] 
 []

[21]
Overfull \hbox (297.56725pt too wide) in paragraph at lines 86--87
[][][][] 
 []


Overfull \hbox (297.56725pt too wide) in paragraph at lines 88--89
[][][][] 
 []

[22]
Overfull \hbox (135.41753pt too wide) in paragraph at lines 120--121
[][][][] 
 []


Overfull \hbox (142.46751pt too wide) in paragraph at lines 122--123
[][][][] 
 []

[23]
Overfull \hbox (135.41753pt too wide) in paragraph at lines 157--158
[][][][] 
 []


Overfull \hbox (142.46751pt too wide) in paragraph at lines 159--160
[][][][] 
 []

[24]
Overfull \hbox (163.61748pt too wide) in paragraph at lines 197--198
[][][][] 
 []


Overfull \hbox (170.66747pt too wide) in paragraph at lines 199--200
[][][][] 
 []

[25] [26]
Overfull \hbox (114.26756pt too wide) in paragraph at lines 243--244
[][][][] 
 []


Overfull \hbox (114.26756pt too wide) in paragraph at lines 245--246
[][][][] 
 []

[27]) (./mat.m [28] [29]) [30] (./con.aux) ) 
Here is how much of TeX's memory you used:
 9090 strings out of 494953
 127763 string characters out of 6180977
 379357 words of memory out of 5000000
 12207 multiletter control sequences out of 15000+600000
 10725 words of font info for 38 fonts, out of 8000000 for 9000
 14 hyphenation exceptions out of 8191
 42i,17n,43p,323b,2209s stack positions out of 5000i,500n,10000p,200000b,80000s
</usr/share/texlive/texmf-dist/fonts/type1/public/amsfonts/cm/cmbx12.pfb></usr/share/texlive/texmf-dist/fonts/type1/public/amsfonts/cm/cmcsc10.pfb></usr/share/texlive/texmf-dist/fonts/type1/public/amsfonts/cm/cmex10.pfb></usr/share/texlive/texmf-dist/fonts/type1/public/amsfonts/cm/cmmi12.pfb></usr/share/texlive/texmf-dist/fonts/type1/public/amsfonts/cm/cmmi8.pfb></usr/share/texlive/texmf-dist/fonts/type1/public/amsfonts/cm/cmr12.pfb></usr/share/texlive/texmf-dist/fonts/type1/public/amsfonts/cm/cmr6.pfb></usr/share/texlive/texmf-dist/fonts/type1/public/amsfonts/cm/cmr8.pfb></usr/share/texlive/texmf-dist/fonts/type1/public/amsfonts/cm/cmsy10.pfb></usr/share/texlive/texmf-dist/fonts/type1/public/amsfonts/cm/cmsy8.pfb></usr/share/texlive/texmf-dist/fonts/type1/public/amsfonts/cm/cmti12.pfb>
Output written on con.pdf (31 pages, 828608 bytes).
PDF statistics:
 180 PDF objects out of 1000 (max. 8388607)
 104 compressed objects within 2 object streams
 0 named destinations out of 1000 (max. 500000)
 81 words of extra memory for PDF output out of 10000 (max. 10000000)

